Base path: /Applications/Unity/Unity.app/Contents
Pipe name: \\.\pipe\UnityShaderCompiler-64bit-1-2049445888
Cmd: getPlatforms
Cmd: preprocess
  insize=1991 outsize=1350 ok=1
Cmd: compileSnippet
  api=0 type=0 insize=8573 outsize=3169 kw=DIRECTIONAL SHADOWS_OFF LIGHTMAP_OFF DIRLIGHTMAP_OFF DYNAMICLIGHTMAP_OFF pd= ok=1
Cmd: compileSnippet
  api=0 type=1 insize=8573 outsize=6 kw=DIRECTIONAL SHADOWS_OFF LIGHTMAP_OFF DIRLIGHTMAP_OFF DYNAMICLIGHTMAP_OFF pd= ok=1
Cmd: compileSnippet
  api=0 type=0 insize=5794 outsize=2544 kw=POINT pd= ok=1
Cmd: compileSnippet
  api=0 type=1 insize=5794 outsize=6 kw=POINT pd= ok=1
Cmd: compileSnippet
  api=0 type=0 insize=5146 outsize=1919 kw= pd= ok=1
Cmd: compileSnippet
  api=0 type=1 insize=5146 outsize=6 kw= pd= ok=1
Cmd: compileSnippet
  api=0 type=0 insize=7552 outsize=2364 kw=LIGHTMAP_OFF DIRLIGHTMAP_OFF DYNAMICLIGHTMAP_OFF HDR_LIGHT_PREPASS_OFF pd= ok=1
Cmd: compileSnippet
  api=0 type=1 insize=7552 outsize=6 kw=LIGHTMAP_OFF DIRLIGHTMAP_OFF DYNAMICLIGHTMAP_OFF HDR_LIGHT_PREPASS_OFF pd= ok=1
Cmd: compileSnippet
  api=0 type=0 insize=5205 outsize=3543 kw= pd= ok=1
Cmd: compileSnippet
  api=0 type=1 insize=5205 outsize=6 kw= pd= ok=1
Cmd: preprocess
  insize=178 outsize=178 ok=1
Cmd: compileSnippet
  api=0 type=0 insize=541 outsize=1893 kw=SHADOWS_DEPTH pd= ok=1
Cmd: compileSnippet
  api=0 type=1 insize=541 outsize=6 kw=SHADOWS_DEPTH pd= ok=1
Cmd: compileSnippet
  api=0 type=0 insize=5794 outsize=2218 kw=DIRECTIONAL pd= ok=1
Cmd: compileSnippet
  api=0 type=1 insize=5794 outsize=6 kw=DIRECTIONAL pd= ok=1
Cmd: compileSnippet
  api=0 type=0 insize=8573 outsize=3646 kw=DIRECTIONAL SHADOWS_SCREEN LIGHTMAP_OFF DIRLIGHTMAP_OFF DYNAMICLIGHTMAP_OFF pd= ok=1
Cmd: compileSnippet
  api=0 type=1 insize=8573 outsize=6 kw=DIRECTIONAL SHADOWS_SCREEN LIGHTMAP_OFF DIRLIGHTMAP_OFF DYNAMICLIGHTMAP_OFF pd= ok=1
Cmd: compileSnippet
  api=0 type=0 insize=6924 outsize=2771 kw=DIRECTIONAL SHADOWS_SCREEN LIGHTMAP_OFF DIRLIGHTMAP_OFF DYNAMICLIGHTMAP_OFF pd= ok=1
Cmd: compileSnippet
  api=0 type=1 insize=6924 outsize=6 kw=DIRECTIONAL SHADOWS_SCREEN LIGHTMAP_OFF DIRLIGHTMAP_OFF DYNAMICLIGHTMAP_OFF pd= ok=1
Cmd: compileSnippet
  api=0 type=0 insize=6924 outsize=2300 kw=DIRECTIONAL SHADOWS_OFF LIGHTMAP_OFF DIRLIGHTMAP_OFF DYNAMICLIGHTMAP_OFF pd= ok=1
Cmd: compileSnippet
  api=0 type=1 insize=6924 outsize=6 kw=DIRECTIONAL SHADOWS_OFF LIGHTMAP_OFF DIRLIGHTMAP_OFF DYNAMICLIGHTMAP_OFF pd= ok=1
Cmd: compileSnippet
  api=0 type=0 insize=3695 outsize=1489 kw=DIRECTIONAL pd= ok=1
Cmd: compileSnippet
  api=0 type=1 insize=3695 outsize=6 kw=DIRECTIONAL pd= ok=1
Cmd: compileSnippet
  api=0 type=0 insize=1482 outsize=1311 kw=SOFTPARTICLES_ON pd= ok=1
Cmd: compileSnippet
  api=0 type=1 insize=1482 outsize=6 kw=SOFTPARTICLES_ON pd= ok=1
Cmd: compileSnippet
  api=0 type=0 insize=1482 outsize=509 kw=SOFTPARTICLES_OFF pd= ok=1
Cmd: compileSnippet
  api=0 type=1 insize=1482 outsize=6 kw=SOFTPARTICLES_OFF pd= ok=1
Cmd: preprocess
  insize=435 outsize=435 ok=1
Cmd: preprocess
  insize=1063 outsize=406 ok=1
Cmd: compileSnippet
  api=0 type=0 insize=955 outsize=527 kw= pd= ok=1
Cmd: compileSnippet
  api=0 type=1 insize=955 outsize=6 kw= pd= ok=1
Cmd: compileSnippet
  api=0 type=0 insize=954 outsize=527 kw= pd= ok=1
Cmd: compileSnippet
  api=0 type=1 insize=954 outsize=6 kw= pd= ok=1
Cmd: preprocess
  insize=926 outsize=289 ok=1
Cmd: compileSnippet
  api=0 type=0 insize=942 outsize=632 kw= pd= ok=1
Cmd: compileSnippet
  api=0 type=1 insize=942 outsize=6 kw= pd= ok=1
Cmd: preprocess
  insize=1097 outsize=289 ok=1
Cmd: compileSnippet
  api=0 type=0 insize=1113 outsize=1087 kw= pd= ok=1
Cmd: compileSnippet
  api=0 type=1 insize=1113 outsize=6 kw= pd= ok=1
Cmd: preprocess
  insize=1044 outsize=1035 ok=1
Cmd: compileSnippet
  api=0 type=0 insize=6892 outsize=2243 kw=DIRECTIONAL SHADOWS_OFF LIGHTMAP_OFF DIRLIGHTMAP_OFF DYNAMICLIGHTMAP_OFF pd= ok=1
Cmd: compileSnippet
  api=0 type=1 insize=6892 outsize=6 kw=DIRECTIONAL SHADOWS_OFF LIGHTMAP_OFF DIRLIGHTMAP_OFF DYNAMICLIGHTMAP_OFF pd= ok=1
Cmd: compileSnippet
  api=0 type=0 insize=3944 outsize=1813 kw=POINT pd= ok=1
Cmd: compileSnippet
  api=0 type=1 insize=3944 outsize=6 kw=POINT pd= ok=1
Cmd: compileSnippet
  api=0 type=0 insize=3411 outsize=2274 kw= pd= ok=1
Cmd: compileSnippet
  api=0 type=1 insize=3411 outsize=6 kw= pd= ok=1
Cmd: preprocess
  insize=2413 outsize=753 ok=1
Cmd: compileSnippet
  api=0 type=0 insize=1931 outsize=642 kw= pd= ok=1
Cmd: compileSnippet
  api=0 type=1 insize=1931 outsize=6 kw= pd= ok=1
Cmd: compileSnippet
  api=0 type=0 insize=1928 outsize=592 kw= pd= ok=1
Cmd: compileSnippet
  api=0 type=1 insize=1928 outsize=6 kw= pd= ok=1
Cmd: compileSnippet
  api=0 type=0 insize=1941 outsize=1119 kw= pd= ok=1
Cmd: compileSnippet
  api=0 type=1 insize=1941 outsize=6 kw= pd= ok=1
Cmd: compileSnippet
  api=0 type=0 insize=1940 outsize=519 kw= pd= ok=1
Cmd: compileSnippet
  api=0 type=1 insize=1940 outsize=6 kw= pd= ok=1
Cmd: preprocess
  insize=883 outsize=277 ok=1
Cmd: compileSnippet
  api=0 type=0 insize=911 outsize=504 kw= pd= ok=1
Cmd: compileSnippet
  api=0 type=1 insize=911 outsize=6 kw= pd= ok=1
Cmd: preprocess
  insize=1353 outsize=326 ok=1
Cmd: compileSnippet
  api=0 type=0 insize=1333 outsize=1186 kw= pd= ok=1
Cmd: compileSnippet
  api=0 type=1 insize=1333 outsize=6 kw= pd= ok=1
Cmd: preprocess
  insize=6131 outsize=973 ok=1
Cmd: compileSnippet
  api=0 type=0 insize=5399 outsize=407 kw= pd= ok=1
Cmd: compileSnippet
  api=0 type=1 insize=5399 outsize=6 kw= pd= ok=1
Cmd: compileSnippet
  api=0 type=0 insize=5406 outsize=1135 kw= pd= ok=1
Cmd: compileSnippet
  api=0 type=1 insize=5406 outsize=6 kw= pd= ok=1
Cmd: compileSnippet
  api=0 type=0 insize=5410 outsize=1595 kw= pd= ok=1
Cmd: compileSnippet
  api=0 type=1 insize=5410 outsize=6 kw= pd= ok=1
Cmd: compileSnippet
  api=0 type=0 insize=5411 outsize=1595 kw= pd= ok=1
Cmd: compileSnippet
  api=0 type=1 insize=5411 outsize=6 kw= pd= ok=1
Cmd: compileSnippet
  api=0 type=0 insize=5415 outsize=1713 kw= pd= ok=1
Cmd: compileSnippet
  api=0 type=1 insize=5415 outsize=6 kw= pd= ok=1
Cmd: compileSnippet
  api=0 type=0 insize=5416 outsize=1635 kw= pd= ok=1
Cmd: compileSnippet
  api=0 type=1 insize=5416 outsize=6 kw= pd= ok=1
Cmd: preprocess
  insize=4770 outsize=1779 ok=1
Cmd: compileSnippet
  api=0 type=0 insize=3198 outsize=624 kw= pd= ok=1
Cmd: compileSnippet
  api=0 type=1 insize=3198 outsize=6 kw= pd= ok=1
Cmd: compileSnippet
  api=0 type=0 insize=3195 outsize=592 kw= pd= ok=1
Cmd: compileSnippet
  api=0 type=1 insize=3195 outsize=6 kw= pd= ok=1
Cmd: compileSnippet
  api=0 type=0 insize=3211 outsize=1166 kw= pd= ok=1
Cmd: compileSnippet
  api=0 type=1 insize=3211 outsize=6 kw= pd= ok=1
Cmd: compileSnippet
  api=0 type=0 insize=3203 outsize=519 kw= pd= ok=1
Cmd: compileSnippet
  api=0 type=1 insize=3203 outsize=6 kw= pd= ok=1
Cmd: compileSnippet
  api=0 type=0 insize=3203 outsize=624 kw= pd= ok=1
Cmd: compileSnippet
  api=0 type=1 insize=3203 outsize=6 kw= pd= ok=1
Cmd: compileSnippet
  api=0 type=0 insize=3200 outsize=592 kw= pd= ok=1
Cmd: compileSnippet
  api=0 type=1 insize=3200 outsize=6 kw= pd= ok=1
Cmd: compileSnippet
  api=0 type=0 insize=3212 outsize=1217 kw= pd= ok=1
Cmd: compileSnippet
  api=0 type=1 insize=3212 outsize=6 kw= pd= ok=1
Cmd: compileSnippet
  api=0 type=0 insize=3205 outsize=533 kw= pd= ok=1
Cmd: compileSnippet
  api=0 type=1 insize=3205 outsize=6 kw= pd= ok=1
Cmd: compileSnippet
  api=0 type=0 insize=3197 outsize=376 kw= pd= ok=1
Cmd: compileSnippet
  api=0 type=1 insize=3197 outsize=6 kw= pd= ok=1
Cmd: compileSnippet
  api=0 type=0 insize=3201 outsize=484 kw= pd= ok=1
Cmd: compileSnippet
  api=0 type=1 insize=3201 outsize=6 kw= pd= ok=1
Cmd: compileSnippet
  api=0 type=0 insize=3196 outsize=443 kw= pd= ok=1
Cmd: compileSnippet
  api=0 type=1 insize=3196 outsize=6 kw= pd= ok=1
Cmd: preprocess
  insize=12423 outsize=2312 ok=1
Cmd: compileSnippet
  api=0 type=0 insize=10185 outsize=487 kw= pd= ok=1
Cmd: compileSnippet
  api=0 type=1 insize=10185 outsize=6 kw= pd= ok=1
Cmd: compileSnippet
  api=0 type=0 insize=10184 outsize=1072 kw= pd= ok=1
Cmd: compileSnippet
  api=0 type=1 insize=10184 outsize=6 kw= pd= ok=1
Cmd: compileSnippet
  api=0 type=0 insize=10184 outsize=979 kw= pd= ok=1
Cmd: compileSnippet
  api=0 type=1 insize=10184 outsize=6 kw= pd= ok=1
Cmd: compileSnippet
  api=0 type=0 insize=10166 outsize=782 kw= pd= ok=1
Cmd: compileSnippet
  api=0 type=1 insize=10166 outsize=6 kw= pd= ok=1
Cmd: compileSnippet
  api=0 type=0 insize=10185 outsize=706 kw= pd= ok=1
Cmd: compileSnippet
  api=0 type=1 insize=10185 outsize=6 kw= pd= ok=1
Cmd: compileSnippet
  api=0 type=0 insize=10166 outsize=836 kw= pd= ok=1
Cmd: compileSnippet
  api=0 type=1 insize=10166 outsize=6 kw= pd= ok=1
Cmd: compileSnippet
  api=0 type=0 insize=10211 outsize=1317 kw= pd= ok=1
Cmd: compileSnippet
  api=0 type=1 insize=10211 outsize=6 kw= pd= ok=1
Cmd: compileSnippet
  api=0 type=0 insize=10165 outsize=276 kw= pd= ok=1
Cmd: compileSnippet
  api=0 type=1 insize=10165 outsize=6 kw= pd= ok=1
Cmd: compileSnippet
  api=0 type=0 insize=10169 outsize=343 kw= pd= ok=1
Cmd: compileSnippet
  api=0 type=1 insize=10169 outsize=6 kw= pd= ok=1
Cmd: compileSnippet
  api=0 type=0 insize=10191 outsize=2806 kw= pd= ok=1
Cmd: compileSnippet
  api=0 type=1 insize=10191 outsize=6 kw= pd= ok=1
Cmd: compileSnippet
  api=0 type=0 insize=10185 outsize=2864 kw= pd= ok=1
Cmd: compileSnippet
  api=0 type=1 insize=10185 outsize=6 kw= pd= ok=1
Cmd: compileSnippet
  api=0 type=0 insize=10191 outsize=2806 kw= pd= ok=1
Cmd: compileSnippet
  api=0 type=1 insize=10191 outsize=6 kw= pd= ok=1
Cmd: preprocess
  insize=1357 outsize=642 ok=1
Cmd: compileSnippet
  api=0 type=0 insize=1021 outsize=780 kw= pd= ok=1
Cmd: compileSnippet
  api=0 type=1 insize=1021 outsize=6 kw= pd= ok=1
Cmd: preprocess
  insize=1530 outsize=277 ok=1
Cmd: compileSnippet
  api=0 type=0 insize=1558 outsize=1545 kw= pd= ok=1
Cmd: compileSnippet
  api=0 type=1 insize=1558 outsize=6 kw= pd= ok=1
Cmd: preprocess
  insize=23967 outsize=4108 ok=1
Cmd: compileSnippet
  api=0 type=0 insize=19213 outsize=844 kw= pd= ok=1
Cmd: compileSnippet
  api=0 type=1 insize=19213 outsize=6 kw= pd= ok=1
Cmd: compileSnippet
  api=0 type=0 insize=19219 outsize=3265 kw= pd= ok=1
Cmd: compileSnippet
  api=0 type=1 insize=19219 outsize=6 kw= pd= ok=1
Cmd: compileSnippet
  api=0 type=0 insize=19222 outsize=4811 kw= pd= ok=1
Cmd: compileSnippet
  api=0 type=1 insize=19222 outsize=6 kw= pd= ok=1
Cmd: compileSnippet
  api=0 type=0 insize=19201 outsize=439 kw= pd= ok=1
Cmd: compileSnippet
  api=0 type=1 insize=19201 outsize=6 kw= pd= ok=1
Cmd: compileSnippet
  api=0 type=0 insize=19217 outsize=831 kw= pd= ok=1
Cmd: compileSnippet
  api=0 type=1 insize=19217 outsize=6 kw= pd= ok=1
Cmd: compileSnippet
  api=0 type=0 insize=19204 outsize=1673 kw= pd= ok=1
Cmd: compileSnippet
  api=0 type=1 insize=19204 outsize=6 kw= pd= ok=1
Cmd: compileSnippet
  api=0 type=0 insize=19215 outsize=1511 kw= pd= ok=1
Cmd: compileSnippet
  api=0 type=1 insize=19215 outsize=6 kw= pd= ok=1
Cmd: compileSnippet
  api=0 type=0 insize=19211 outsize=588 kw= pd= ok=1
Cmd: compileSnippet
  api=0 type=1 insize=19211 outsize=6 kw= pd= ok=1
Cmd: compileSnippet
  api=0 type=0 insize=19221 outsize=854 kw= pd= ok=1
Cmd: compileSnippet
  api=0 type=1 insize=19221 outsize=6 kw= pd= ok=1
Cmd: compileSnippet
  api=0 type=0 insize=19214 outsize=752 kw= pd= ok=1
Cmd: compileSnippet
  api=0 type=1 insize=19214 outsize=6 kw= pd= ok=1
Cmd: compileSnippet
  api=0 type=0 insize=19221 outsize=938 kw= pd= ok=1
Cmd: compileSnippet
  api=0 type=1 insize=19221 outsize=6 kw= pd= ok=1
Cmd: compileSnippet
  api=0 type=0 insize=19209 outsize=3042 kw= pd= ok=1
Cmd: compileSnippet
  api=0 type=1 insize=19209 outsize=6 kw= pd= ok=1
Cmd: compileSnippet
  api=0 type=0 insize=19218 outsize=2688 kw= pd= ok=1
Cmd: compileSnippet
  api=0 type=1 insize=19218 outsize=6 kw= pd= ok=1
Cmd: compileSnippet
  api=0 type=0 insize=19205 outsize=990 kw= pd= ok=1
Cmd: compileSnippet
  api=0 type=1 insize=19205 outsize=6 kw= pd= ok=1
Cmd: compileSnippet
  api=0 type=0 insize=19219 outsize=610 kw= pd= ok=1
Cmd: compileSnippet
  api=0 type=1 insize=19219 outsize=6 kw= pd= ok=1
Cmd: compileSnippet
  api=0 type=0 insize=19210 outsize=875 kw= pd= ok=1
Cmd: compileSnippet
  api=0 type=1 insize=19210 outsize=6 kw= pd= ok=1
Cmd: compileSnippet
  api=0 type=0 insize=19205 outsize=642 kw= pd= ok=1
Cmd: compileSnippet
  api=0 type=1 insize=19205 outsize=6 kw= pd= ok=1
Cmd: compileSnippet
  api=0 type=0 insize=19209 outsize=3544 kw= pd= ok=1
Cmd: compileSnippet
  api=0 type=1 insize=19209 outsize=6 kw= pd= ok=1
Cmd: compileSnippet
  api=0 type=0 insize=19218 outsize=3480 kw= pd= ok=1
Cmd: compileSnippet
  api=0 type=1 insize=19218 outsize=6 kw= pd= ok=1
Cmd: compileSnippet
  api=0 type=0 insize=19227 outsize=3627 kw= pd= ok=1
Cmd: compileSnippet
  api=0 type=1 insize=19227 outsize=6 kw= pd= ok=1
Cmd: compileSnippet
  api=0 type=0 insize=19206 outsize=562 kw= pd= ok=1
Cmd: compileSnippet
  api=0 type=1 insize=19206 outsize=6 kw= pd= ok=1
Cmd: compileSnippet
  api=0 type=0 insize=19208 outsize=1673 kw= pd= ok=1
Cmd: compileSnippet
  api=0 type=1 insize=19208 outsize=6 kw= pd= ok=1
Cmd: compileSnippet
  api=0 type=0 insize=19224 outsize=439 kw= pd= ok=1
Cmd: compileSnippet
  api=0 type=1 insize=19224 outsize=6 kw= pd= ok=1
Cmd: preprocess
  insize=5564 outsize=855 ok=1
Cmd: compileSnippet
  api=0 type=0 insize=4897 outsize=2118 kw= pd= ok=1
Cmd: compileSnippet
  api=0 type=1 insize=4897 outsize=6 kw= pd= ok=1
Cmd: compileSnippet
  api=0 type=0 insize=4899 outsize=1286 kw= pd= ok=1
Cmd: compileSnippet
  api=0 type=1 insize=4899 outsize=6 kw= pd= ok=1
Cmd: compileSnippet
  api=0 type=0 insize=4903 outsize=1320 kw= pd= ok=1
Cmd: compileSnippet
  api=0 type=1 insize=4903 outsize=6 kw= pd= ok=1
Cmd: compileSnippet
  api=0 type=0 insize=4912 outsize=713 kw= pd= ok=1
Cmd: compileSnippet
  api=0 type=1 insize=4912 outsize=6 kw= pd= ok=1
Cmd: compileSnippet
  api=0 type=0 insize=4893 outsize=2118 kw= pd= ok=1
Cmd: compileSnippet
  api=0 type=1 insize=4893 outsize=6 kw= pd= ok=1
Cmd: preprocess
  insize=5171 outsize=737 ok=1
Cmd: compileSnippet
  api=0 type=0 insize=4605 outsize=633 kw= pd= ok=1
Cmd: compileSnippet
  api=0 type=1 insize=4605 outsize=6 kw= pd= ok=1
Cmd: compileSnippet
  api=0 type=0 insize=4609 outsize=1613 kw= pd= ok=1
Cmd: compileSnippet
  api=0 type=1 insize=4609 outsize=6 kw= pd= ok=1
Cmd: compileSnippet
  api=0 type=0 insize=4619 outsize=2285 kw= pd= ok=1
Cmd: compileSnippet
  api=0 type=1 insize=4619 outsize=6 kw= pd= ok=1
Cmd: compileSnippet
  api=0 type=0 insize=4614 outsize=2011 kw= pd= ok=1
Cmd: compileSnippet
  api=0 type=1 insize=4614 outsize=6 kw= pd= ok=1
Cmd: compileSnippet
  api=0 type=0 insize=4620 outsize=1547 kw= pd= ok=1
Cmd: compileSnippet
  api=0 type=1 insize=4620 outsize=6 kw= pd= ok=1
Cmd: preprocess
  insize=6414 outsize=902 ok=1
Cmd: compileSnippet
  api=0 type=0 insize=5582 outsize=473 kw= pd= ok=1
Cmd: compileSnippet
  api=0 type=1 insize=5582 outsize=6 kw= pd= ok=1
Cmd: compileSnippet
  api=0 type=0 insize=5581 outsize=514 kw= pd= ok=1
Cmd: compileSnippet
  api=0 type=1 insize=5581 outsize=6 kw= pd= ok=1
Cmd: compileSnippet
  api=0 type=0 insize=5575 outsize=2665 kw= pd= ok=1
Cmd: compileSnippet
  api=0 type=1 insize=5575 outsize=6 kw= pd= ok=1
Cmd: compileSnippet
  api=0 type=0 insize=5574 outsize=2706 kw= pd= ok=1
Cmd: compileSnippet
  api=0 type=1 insize=5574 outsize=6 kw= pd= ok=1
Cmd: compileSnippet
  api=0 type=0 insize=5577 outsize=2789 kw= pd= ok=1
Cmd: compileSnippet
  api=0 type=1 insize=5577 outsize=6 kw= pd= ok=1
Cmd: compileSnippet
  api=0 type=0 insize=5576 outsize=2821 kw= pd= ok=1
Cmd: compileSnippet
  api=0 type=1 insize=5576 outsize=6 kw= pd= ok=1
Cmd: compileSnippet
  api=0 type=0 insize=5578 outsize=614 kw= pd= ok=1
Cmd: compileSnippet
  api=0 type=1 insize=5578 outsize=6 kw= pd= ok=1
Cmd: preprocess
  insize=1310 outsize=384 ok=1
Cmd: compileSnippet
  api=0 type=0 insize=1228 outsize=819 kw= pd= ok=1
Cmd: compileSnippet
  api=0 type=1 insize=1228 outsize=6 kw= pd= ok=1
Cmd: preprocess
  insize=5717 outsize=1219 ok=1
Cmd: preprocess
  insize=3696 outsize=630 ok=1
Cmd: compileSnippet
  api=0 type=0 insize=3278 outsize=510 kw= pd= ok=1
Cmd: compileSnippet
  api=0 type=1 insize=3278 outsize=6 kw= pd= ok=1
Cmd: compileSnippet
  api=0 type=0 insize=3285 outsize=1602 kw= pd= ok=1
Cmd: compileSnippet
  api=0 type=1 insize=3285 outsize=6 kw= pd= ok=1
Cmd: compileSnippet
  api=0 type=0 insize=3294 outsize=1905 kw= pd= ok=1
Cmd: compileSnippet
  api=0 type=1 insize=3294 outsize=6 kw= pd= ok=1
Cmd: compileSnippet
  api=0 type=0 insize=3289 outsize=2006 kw= pd= ok=1
Cmd: compileSnippet
  api=0 type=1 insize=3289 outsize=6 kw= pd= ok=1
Cmd: preprocess
  insize=1265 outsize=272 ok=1
Cmd: compileSnippet
  api=0 type=0 insize=1298 outsize=1270 kw= pd= ok=1
Cmd: compileSnippet
  api=0 type=1 insize=1298 outsize=6 kw= pd= ok=1
Cmd: preprocess
  insize=650 outsize=290 ok=1
Cmd: compileSnippet
  api=0 type=0 insize=665 outsize=384 kw= pd= ok=1
Cmd: compileSnippet
  api=0 type=1 insize=665 outsize=6 kw= pd= ok=1
Cmd: preprocess
  insize=5006 outsize=866 ok=1
Cmd: compileSnippet
  api=0 type=0 insize=4390 outsize=1036 kw= pd= ok=1
Cmd: compileSnippet
  api=0 type=1 insize=4390 outsize=6 kw= pd= ok=1
Cmd: compileSnippet
  api=0 type=0 insize=4394 outsize=1595 kw= pd= ok=1
Cmd: compileSnippet
  api=0 type=1 insize=4394 outsize=6 kw= pd= ok=1
Cmd: compileSnippet
  api=0 type=0 insize=4395 outsize=1595 kw= pd= ok=1
Cmd: compileSnippet
  api=0 type=1 insize=4395 outsize=6 kw= pd= ok=1
Cmd: compileSnippet
  api=0 type=0 insize=4399 outsize=1713 kw= pd= ok=1
Cmd: compileSnippet
  api=0 type=1 insize=4399 outsize=6 kw= pd= ok=1
Cmd: compileSnippet
  api=0 type=0 insize=4400 outsize=1635 kw= pd= ok=1
Cmd: compileSnippet
  api=0 type=1 insize=4400 outsize=6 kw= pd= ok=1
Cmd: compileSnippet
  api=0 type=0 insize=3944 outsize=1467 kw=DIRECTIONAL pd= ok=1
Cmd: compileSnippet
  api=0 type=1 insize=3944 outsize=6 kw=DIRECTIONAL pd= ok=1
Cmd: compileSnippet
  api=0 type=0 insize=6892 outsize=2714 kw=DIRECTIONAL SHADOWS_SCREEN LIGHTMAP_OFF DIRLIGHTMAP_OFF DYNAMICLIGHTMAP_OFF pd= ok=1
Cmd: compileSnippet
  api=0 type=1 insize=6892 outsize=6 kw=DIRECTIONAL SHADOWS_SCREEN LIGHTMAP_OFF DIRLIGHTMAP_OFF DYNAMICLIGHTMAP_OFF pd= ok=1
Cmd: compileSnippet
  api=0 type=0 insize=938 outsize=564 kw= pd= ok=1
Cmd: compileSnippet
  api=0 type=1 insize=938 outsize=6 kw= pd= ok=1
Cmd: compileSnippet
  api=0 type=0 insize=932 outsize=559 kw= pd= ok=1
Cmd: compileSnippet
  api=0 type=1 insize=932 outsize=6 kw= pd= ok=1
Cmd: compileSnippet
  api=0 type=0 insize=932 outsize=559 kw= pd= ok=1
Cmd: compileSnippet
  api=0 type=1 insize=932 outsize=6 kw= pd= ok=1
Cmd: compileSnippet
  api=0 type=0 insize=938 outsize=564 kw= pd= ok=1
Cmd: compileSnippet
  api=0 type=1 insize=938 outsize=6 kw= pd= ok=1
Cmd: compileSnippet
  api=0 type=0 insize=920 outsize=549 kw= pd= ok=1
Cmd: compileSnippet
  api=0 type=1 insize=920 outsize=6 kw= pd= ok=1
Cmd: compileSnippet
  api=0 type=0 insize=932 outsize=559 kw= pd= ok=1
Cmd: compileSnippet
  api=0 type=1 insize=932 outsize=6 kw= pd= ok=1
Cmd: compileSnippet
  api=0 type=0 insize=797 outsize=2249 kw=SHADOWS_DEPTH pd= ok=1
Cmd: compileSnippet
  api=0 type=1 insize=797 outsize=6 kw=SHADOWS_DEPTH pd= ok=1
Cmd: compileSnippet
  api=0 type=0 insize=6976 outsize=2359 kw=DIRECTIONAL SHADOWS_OFF LIGHTMAP_OFF DIRLIGHTMAP_OFF DYNAMICLIGHTMAP_OFF pd= ok=1
Cmd: compileSnippet
  api=0 type=1 insize=6976 outsize=6 kw=DIRECTIONAL SHADOWS_OFF LIGHTMAP_OFF DIRLIGHTMAP_OFF DYNAMICLIGHTMAP_OFF pd= ok=1
Cmd: compileSnippet
  api=0 type=0 insize=3734 outsize=1548 kw=DIRECTIONAL pd= ok=1
Cmd: compileSnippet
  api=0 type=1 insize=3734 outsize=6 kw=DIRECTIONAL pd= ok=1
Cmd: compileSnippet
  api=0 type=0 insize=751 outsize=1893 kw=SHADOWS_DEPTH pd= ok=1
Cmd: compileSnippet
  api=0 type=1 insize=751 outsize=6 kw=SHADOWS_DEPTH pd= ok=1
Cmd: compileSnippet
  api=0 type=0 insize=977 outsize=10445 kw=DIRECTIONAL SHADOWS_SCREEN LIGHTMAP_OFF DIRLIGHTMAP_OFF DYNAMICLIGHTMAP_OFF pd= ok=1
Cmd: compileSnippet
  api=0 type=1 insize=977 outsize=6 kw=DIRECTIONAL SHADOWS_SCREEN LIGHTMAP_OFF DIRLIGHTMAP_OFF DYNAMICLIGHTMAP_OFF pd= ok=1
Cmd: compileSnippet
  api=0 type=0 insize=977 outsize=9977 kw=DIRECTIONAL SHADOWS_OFF LIGHTMAP_OFF DIRLIGHTMAP_OFF DYNAMICLIGHTMAP_OFF pd= ok=1
Cmd: compileSnippet
  api=0 type=1 insize=977 outsize=6 kw=DIRECTIONAL SHADOWS_OFF LIGHTMAP_OFF DIRLIGHTMAP_OFF DYNAMICLIGHTMAP_OFF pd= ok=1
Cmd: compileSnippet
  api=0 type=0 insize=934 outsize=5581 kw=DIRECTIONAL SHADOWS_OFF pd= ok=1
Cmd: compileSnippet
  api=0 type=1 insize=934 outsize=6 kw=DIRECTIONAL SHADOWS_OFF pd= ok=1
Cmd: compileSnippet
  api=0 type=0 insize=577 outsize=1893 kw=SHADOWS_DEPTH pd= ok=1
Cmd: compileSnippet
  api=0 type=1 insize=577 outsize=6 kw=SHADOWS_DEPTH pd= ok=1
Cmd: compileSnippet
  api=0 type=0 insize=7194 outsize=4076 kw=DIRECTIONAL SHADOWS_SCREEN LIGHTMAP_OFF DIRLIGHTMAP_OFF DYNAMICLIGHTMAP_OFF pd= ok=1
Cmd: compileSnippet
  api=0 type=1 insize=7194 outsize=6 kw=DIRECTIONAL SHADOWS_SCREEN LIGHTMAP_OFF DIRLIGHTMAP_OFF DYNAMICLIGHTMAP_OFF pd= ok=1
Cmd: compileSnippet
  api=0 type=0 insize=7194 outsize=3599 kw=DIRECTIONAL SHADOWS_OFF LIGHTMAP_OFF DIRLIGHTMAP_OFF DYNAMICLIGHTMAP_OFF pd= ok=1
Cmd: compileSnippet
  api=0 type=1 insize=7194 outsize=6 kw=DIRECTIONAL SHADOWS_OFF LIGHTMAP_OFF DIRLIGHTMAP_OFF DYNAMICLIGHTMAP_OFF pd= ok=1
Cmd: compileSnippet
  api=0 type=0 insize=7251 outsize=4482 kw=DIRECTIONAL SHADOWS_SCREEN LIGHTMAP_OFF DIRLIGHTMAP_OFF DYNAMICLIGHTMAP_OFF pd= ok=1
Cmd: compileSnippet
  api=0 type=1 insize=7251 outsize=6 kw=DIRECTIONAL SHADOWS_SCREEN LIGHTMAP_OFF DIRLIGHTMAP_OFF DYNAMICLIGHTMAP_OFF pd= ok=1
Cmd: compileSnippet
  api=0 type=0 insize=7251 outsize=3985 kw=DIRECTIONAL SHADOWS_OFF LIGHTMAP_OFF DIRLIGHTMAP_OFF DYNAMICLIGHTMAP_OFF pd= ok=1
Cmd: compileSnippet
  api=0 type=1 insize=7251 outsize=6 kw=DIRECTIONAL SHADOWS_OFF LIGHTMAP_OFF DIRLIGHTMAP_OFF DYNAMICLIGHTMAP_OFF pd= ok=1
Cmd: compileSnippet
  api=0 type=0 insize=6976 outsize=2830 kw=DIRECTIONAL SHADOWS_SCREEN LIGHTMAP_OFF DIRLIGHTMAP_OFF DYNAMICLIGHTMAP_OFF pd= ok=1
Cmd: compileSnippet
  api=0 type=1 insize=6976 outsize=6 kw=DIRECTIONAL SHADOWS_SCREEN LIGHTMAP_OFF DIRLIGHTMAP_OFF DYNAMICLIGHTMAP_OFF pd= ok=1
Cmd: compileSnippet
  api=5 type=0 insize=938 outsize=828 kw= pd=UNITY_NO_DXT5nm UNITY_NO_RGBM UNITY_NO_SCREENSPACE_SHADOWS UNITY_NO_LINEAR_COLORSPACE ok=1
Cmd: compileSnippet
  api=5 type=1 insize=938 outsize=6 kw= pd=UNITY_NO_DXT5nm UNITY_NO_RGBM UNITY_NO_SCREENSPACE_SHADOWS UNITY_NO_LINEAR_COLORSPACE ok=1
Cmd: compileSnippet
  api=5 type=0 insize=932 outsize=823 kw= pd=UNITY_NO_DXT5nm UNITY_NO_RGBM UNITY_NO_SCREENSPACE_SHADOWS UNITY_NO_LINEAR_COLORSPACE ok=1
Cmd: compileSnippet
  api=5 type=1 insize=932 outsize=6 kw= pd=UNITY_NO_DXT5nm UNITY_NO_RGBM UNITY_NO_SCREENSPACE_SHADOWS UNITY_NO_LINEAR_COLORSPACE ok=1
Cmd: compileSnippet
  api=5 type=0 insize=932 outsize=823 kw= pd=UNITY_NO_DXT5nm UNITY_NO_RGBM UNITY_NO_SCREENSPACE_SHADOWS UNITY_NO_LINEAR_COLORSPACE ok=1
Cmd: compileSnippet
  api=5 type=1 insize=932 outsize=6 kw= pd=UNITY_NO_DXT5nm UNITY_NO_RGBM UNITY_NO_SCREENSPACE_SHADOWS UNITY_NO_LINEAR_COLORSPACE ok=1
Cmd: compileSnippet
  api=5 type=0 insize=938 outsize=828 kw= pd=UNITY_NO_DXT5nm UNITY_NO_RGBM UNITY_NO_SCREENSPACE_SHADOWS UNITY_NO_LINEAR_COLORSPACE ok=1
Cmd: compileSnippet
  api=5 type=1 insize=938 outsize=6 kw= pd=UNITY_NO_DXT5nm UNITY_NO_RGBM UNITY_NO_SCREENSPACE_SHADOWS UNITY_NO_LINEAR_COLORSPACE ok=1
Cmd: compileSnippet
  api=5 type=0 insize=920 outsize=813 kw= pd=UNITY_NO_DXT5nm UNITY_NO_RGBM UNITY_NO_SCREENSPACE_SHADOWS UNITY_NO_LINEAR_COLORSPACE ok=1
Cmd: compileSnippet
  api=5 type=1 insize=920 outsize=6 kw= pd=UNITY_NO_DXT5nm UNITY_NO_RGBM UNITY_NO_SCREENSPACE_SHADOWS UNITY_NO_LINEAR_COLORSPACE ok=1
Cmd: compileSnippet
  api=5 type=0 insize=932 outsize=823 kw= pd=UNITY_NO_DXT5nm UNITY_NO_RGBM UNITY_NO_SCREENSPACE_SHADOWS UNITY_NO_LINEAR_COLORSPACE ok=1
Cmd: compileSnippet
  api=5 type=1 insize=932 outsize=6 kw= pd=UNITY_NO_DXT5nm UNITY_NO_RGBM UNITY_NO_SCREENSPACE_SHADOWS UNITY_NO_LINEAR_COLORSPACE ok=1
Cmd: compileSnippet
  api=5 type=0 insize=6892 outsize=3362 kw=DIRECTIONAL SHADOWS_OFF LIGHTMAP_OFF DIRLIGHTMAP_OFF DYNAMICLIGHTMAP_OFF pd=UNITY_NO_DXT5nm UNITY_NO_RGBM UNITY_NO_SCREENSPACE_SHADOWS UNITY_NO_LINEAR_COLORSPACE ok=1
Cmd: compileSnippet
  api=5 type=0 insize=6892 outsize=5151 kw=DIRECTIONAL SHADOWS_OFF LIGHTMAP_OFF DIRLIGHTMAP_OFF DYNAMICLIGHTMAP_OFF VERTEXLIGHT_ON pd=UNITY_NO_DXT5nm UNITY_NO_RGBM UNITY_NO_SCREENSPACE_SHADOWS UNITY_NO_LINEAR_COLORSPACE ok=1
Cmd: compileSnippet
  api=5 type=0 insize=6892 outsize=4066 kw=DIRECTIONAL SHADOWS_SCREEN SHADOWS_NATIVE LIGHTMAP_OFF DIRLIGHTMAP_OFF DYNAMICLIGHTMAP_OFF pd=UNITY_NO_DXT5nm UNITY_NO_RGBM UNITY_NO_SCREENSPACE_SHADOWS UNITY_NO_LINEAR_COLORSPACE ok=1
Cmd: compileSnippet
  api=5 type=1 insize=6892 outsize=6 kw=DIRECTIONAL SHADOWS_SCREEN LIGHTMAP_OFF DIRLIGHTMAP_OFF DYNAMICLIGHTMAP_OFF pd=UNITY_NO_DXT5nm UNITY_NO_RGBM UNITY_NO_SCREENSPACE_SHADOWS UNITY_NO_LINEAR_COLORSPACE ok=1
Cmd: compileSnippet
  api=5 type=1 insize=6892 outsize=6 kw=DIRECTIONAL SHADOWS_SCREEN SHADOWS_NATIVE LIGHTMAP_OFF DIRLIGHTMAP_OFF DYNAMICLIGHTMAP_OFF pd=UNITY_NO_DXT5nm UNITY_NO_RGBM UNITY_NO_SCREENSPACE_SHADOWS UNITY_NO_LINEAR_COLORSPACE ok=1
Cmd: compileSnippet
  api=5 type=0 insize=3944 outsize=2945 kw=POINT pd=UNITY_NO_DXT5nm UNITY_NO_RGBM UNITY_NO_SCREENSPACE_SHADOWS UNITY_NO_LINEAR_COLORSPACE ok=1
Cmd: compileSnippet
  api=5 type=0 insize=3944 outsize=3410 kw=SPOT pd=UNITY_NO_DXT5nm UNITY_NO_RGBM UNITY_NO_SCREENSPACE_SHADOWS UNITY_NO_LINEAR_COLORSPACE ok=1
Cmd: compileSnippet
  api=5 type=0 insize=3944 outsize=2757 kw=DIRECTIONAL_COOKIE pd=UNITY_NO_DXT5nm UNITY_NO_RGBM UNITY_NO_SCREENSPACE_SHADOWS UNITY_NO_LINEAR_COLORSPACE ok=1
Cmd: compileSnippet
  api=5 type=1 insize=3944 outsize=6 kw=POINT pd=UNITY_NO_DXT5nm UNITY_NO_RGBM UNITY_NO_SCREENSPACE_SHADOWS UNITY_NO_LINEAR_COLORSPACE ok=1
Cmd: compileSnippet
  api=5 type=1 insize=3944 outsize=6 kw=POINT_COOKIE pd=UNITY_NO_DXT5nm UNITY_NO_RGBM UNITY_NO_SCREENSPACE_SHADOWS UNITY_NO_LINEAR_COLORSPACE ok=1
Cmd: compileSnippet
  api=5 type=1 insize=3944 outsize=6 kw=DIRECTIONAL_COOKIE pd=UNITY_NO_DXT5nm UNITY_NO_RGBM UNITY_NO_SCREENSPACE_SHADOWS UNITY_NO_LINEAR_COLORSPACE ok=1
Cmd: compileSnippet
  api=5 type=0 insize=8573 outsize=4559 kw=DIRECTIONAL SHADOWS_OFF LIGHTMAP_OFF DIRLIGHTMAP_OFF DYNAMICLIGHTMAP_OFF pd=UNITY_NO_DXT5nm UNITY_NO_RGBM UNITY_NO_SCREENSPACE_SHADOWS UNITY_NO_LINEAR_COLORSPACE ok=1
Cmd: compileSnippet
  api=5 type=0 insize=8573 outsize=6239 kw=DIRECTIONAL SHADOWS_OFF LIGHTMAP_OFF DIRLIGHTMAP_OFF DYNAMICLIGHTMAP_OFF VERTEXLIGHT_ON pd=UNITY_NO_DXT5nm UNITY_NO_RGBM UNITY_NO_SCREENSPACE_SHADOWS UNITY_NO_LINEAR_COLORSPACE ok=1
Cmd: compileSnippet
  api=5 type=0 insize=8573 outsize=6893 kw=DIRECTIONAL SHADOWS_SCREEN SHADOWS_NATIVE LIGHTMAP_OFF DIRLIGHTMAP_OFF DYNAMICLIGHTMAP_OFF VERTEXLIGHT_ON pd=UNITY_NO_DXT5nm UNITY_NO_RGBM UNITY_NO_SCREENSPACE_SHADOWS UNITY_NO_LINEAR_COLORSPACE ok=1
Cmd: compileSnippet
  api=5 type=1 insize=8573 outsize=6 kw=DIRECTIONAL SHADOWS_OFF LIGHTMAP_OFF DIRLIGHTMAP_OFF DYNAMICLIGHTMAP_OFF pd=UNITY_NO_DXT5nm UNITY_NO_RGBM UNITY_NO_SCREENSPACE_SHADOWS UNITY_NO_LINEAR_COLORSPACE ok=1
Cmd: compileSnippet
  api=5 type=0 insize=5794 outsize=3804 kw=POINT pd=UNITY_NO_DXT5nm UNITY_NO_RGBM UNITY_NO_SCREENSPACE_SHADOWS UNITY_NO_LINEAR_COLORSPACE ok=1
Cmd: compileSnippet
  api=5 type=0 insize=5794 outsize=3893 kw=POINT_COOKIE pd=UNITY_NO_DXT5nm UNITY_NO_RGBM UNITY_NO_SCREENSPACE_SHADOWS UNITY_NO_LINEAR_COLORSPACE ok=1
Cmd: compileSnippet
  api=5 type=1 insize=5794 outsize=6 kw=POINT pd=UNITY_NO_DXT5nm UNITY_NO_RGBM UNITY_NO_SCREENSPACE_SHADOWS UNITY_NO_LINEAR_COLORSPACE ok=1
Cmd: compileSnippet
  api=5 type=1 insize=5794 outsize=6 kw=POINT_COOKIE pd=UNITY_NO_DXT5nm UNITY_NO_RGBM UNITY_NO_SCREENSPACE_SHADOWS UNITY_NO_LINEAR_COLORSPACE ok=1
Cmd: compileSnippet
  api=5 type=1 insize=5794 outsize=6 kw=DIRECTIONAL_COOKIE pd=UNITY_NO_DXT5nm UNITY_NO_RGBM UNITY_NO_SCREENSPACE_SHADOWS UNITY_NO_LINEAR_COLORSPACE ok=1
Cmd: compileSnippet
  api=5 type=0 insize=5146 outsize=2629 kw= pd=UNITY_NO_DXT5nm UNITY_NO_RGBM UNITY_NO_SCREENSPACE_SHADOWS UNITY_NO_LINEAR_COLORSPACE ok=1
Cmd: compileSnippet
  api=5 type=1 insize=5146 outsize=6 kw= pd=UNITY_NO_DXT5nm UNITY_NO_RGBM UNITY_NO_SCREENSPACE_SHADOWS UNITY_NO_LINEAR_COLORSPACE ok=1
Cmd: compileSnippet
  api=5 type=0 insize=7552 outsize=3145 kw=LIGHTMAP_OFF DIRLIGHTMAP_OFF DYNAMICLIGHTMAP_OFF UNITY_HDR_ON pd=UNITY_NO_DXT5nm UNITY_NO_RGBM UNITY_NO_SCREENSPACE_SHADOWS UNITY_NO_LINEAR_COLORSPACE ok=1
Cmd: compileSnippet
  api=5 type=1 insize=7552 outsize=6 kw=LIGHTMAP_OFF DIRLIGHTMAP_OFF DYNAMICLIGHTMAP_OFF HDR_LIGHT_PREPASS_OFF pd=UNITY_NO_DXT5nm UNITY_NO_RGBM UNITY_NO_SCREENSPACE_SHADOWS UNITY_NO_LINEAR_COLORSPACE ok=1
Cmd: compileSnippet
  api=5 type=0 insize=1021 outsize=1065 kw= pd=UNITY_NO_DXT5nm UNITY_NO_RGBM UNITY_NO_SCREENSPACE_SHADOWS UNITY_NO_LINEAR_COLORSPACE ok=1
Cmd: compileSnippet
  api=5 type=1 insize=1021 outsize=6 kw= pd=UNITY_NO_DXT5nm UNITY_NO_RGBM UNITY_NO_SCREENSPACE_SHADOWS UNITY_NO_LINEAR_COLORSPACE ok=1
Cmd: compileSnippet
  api=5 type=0 insize=1228 outsize=1134 kw= pd=UNITY_NO_DXT5nm UNITY_NO_RGBM UNITY_NO_SCREENSPACE_SHADOWS UNITY_NO_LINEAR_COLORSPACE ok=1
